
                                   故障分析简表                                 
=================================================================================
变电站名称: 河南电力科学研究院仿真室项目
装置名称: 19179#录波装置
录波启动代码: 1
录波启动设备: 52
程序版本: 1.14
网调地址: 10.100.100.90
省调地址: 192.168.1.79
内部通信地址: 192.168.2.79
设备识别代码: ZYHD
启动信息:I真培1三相电流Ia突变量启动,2018-09-12 10:50:27:084,1.9902385,0.1
=================================================================================
故障元件: I真培1三相电流
关联的开关量：
相对时间0ms 对应的绝对时刻: 2018-09-12 10:50:27.086200
=================================================================================
第1次故障
    故障开始时间          : 0.0 ms
    故障相别              : ABC
    故障距离              : 100.000 公里
    二次侧电抗            : 9.091 Ω
    故障结束时间          : 1117.0 ms
    故障前一周波电压有效值: A相: (一次值= 131.227 kV); (二次值=  59.649 V)
                            B相: (一次值= 131.583 kV); (二次值=  59.811 V)
                            C相: (一次值= 140.765 kV); (二次值=  63.984 V)
                            N相: (一次值=  19.657 kV); (二次值=   8.935 V)
    故障前一周波电流有效值: A相: (一次值=   0.068 kA); (二次值=   0.135 A)
                            B相: (一次值=   0.071 kA); (二次值=   0.141 A)
                            C相: (一次值=   0.076 kA); (二次值=   0.152 A)
                            N相: (一次值=   0.012 kA); (二次值=   0.023 A)
    故障时电压有效值:       A相: (一次值= 113.141 kV); (二次值=  51.428 V)
                            B相: (一次值= 113.508 kV); (二次值=  51.594 V)
                            C相: (一次值= 119.057 kV); (二次值=  54.117 V)
                            N相: (一次值=  16.637 kV); (二次值=   7.562 V)
    故障时电流有效值:       A相: (一次值=   0.988 kA); (二次值=   1.975 A)
                            B相: (一次值=   1.019 kA); (二次值=   2.039 A)
                            C相: (一次值=   1.036 kA); (二次值=   2.072 A)
                            N相: (一次值=   0.004 kA); (二次值=   0.007 A)
    故障分量电压有效值:     A相: (一次值=  14.391 kV); (二次值=   6.541 V)
                            B相: (一次值=  19.176 kV); (二次值=   8.716 V)
                            C相: (一次值=  20.571 kV); (二次值=   9.351 V)
                            0相: (一次值=   0.954 kV); (二次值=   0.434 V)
                            1相: (一次值=  19.932 kV); (二次值=   9.060 V)
                            2相: (一次值=   0.695 kV); (二次值=   0.316 V)
    故障分量电流有效值:     A相: (一次值=   1.046 kA); (二次值=   2.092 A)
                            B相: (一次值=   1.060 kA); (二次值=   2.120 A)
                            C相: (一次值=   1.050 kA); (二次值=   2.100 A)
                            0相: (一次值=   0.001 kA); (二次值=   0.002 A)
                            1相: (一次值=   1.052 kA); (二次值=   2.104 A)
                            2相: (一次值=   0.009 kA); (二次值=   0.018 A)
    故障后一周波电压有效值: A相: (一次值= 111.042 kV); (二次值=  50.474 V)
                            B相: (一次值= 111.799 kV); (二次值=  50.818 V)
                            C相: (一次值= 120.239 kV); (二次值=  54.654 V)
                            N相: (一次值=  16.782 kV); (二次值=   7.628 V)
    故障后一周波电流有效值: A相: (一次值=   0.979 kA); (二次值=   1.958 A)
                            B相: (一次值=   0.991 kA); (二次值=   1.981 A)
                            C相: (一次值=   0.987 kA); (二次值=   1.975 A)
                            N相: (一次值=   0.008 kA); (二次值=   0.016 A)
    故障后二周波电压有效值: A相: (一次值= 111.299 kV); (二次值=  50.590 V)
                            B相: (一次值= 112.495 kV); (二次值=  51.134 V)
                            C相: (一次值= 120.412 kV); (二次值=  54.733 V)
                            N相: (一次值=  16.850 kV); (二次值=   7.659 V)
    故障后二周波电流有效值: A相: (一次值=   0.973 kA); (二次值=   1.946 A)
                            B相: (一次值=   0.982 kA); (二次值=   1.964 A)
                            C相: (一次值=   0.984 kA); (二次值=   1.969 A)
                            N相: (一次值=   0.009 kA); (二次值=   0.018 A)
=================================================================================
没有开关量变位！
=================================================================================
AnaCmtd_2 Version: 2,0,5,2952 
